<?xml version="1.0" encoding="UTF-8"?>
<testsuite name="com.bridgelabz.InvoiceGeneratorTest" tests="7" skipped="0" failures="0" errors="0" timestamp="2021-06-20T11:41:45" hostname="LAPTOP-DILI6N8Q" time="0.038">
  <properties/>
  <testcase name="givenDistanceTimeAndUserIdForRides_WhenUserIdDoesNotExist_ThenThrowException()" classname="com.bridgelabz.InvoiceGeneratorTest" time="0.023"/>
  <testcase name="givenDistanceTimeAndUserIdForRides_WhenRidesNull_ThenThrowException()" classname="com.bridgelabz.InvoiceGeneratorTest" time="0.002"/>
  <testcase name="givenLessDistanceTime_ReturnTotalFare()" classname="com.bridgelabz.InvoiceGeneratorTest" time="0.001"/>
  <testcase name="givenDistanceTimeAndUserIdForRides_ReturnInvoiceSummary()" classname="com.bridgelabz.InvoiceGeneratorTest" time="0.002"/>
  <testcase name="givenDistanceTimeForRides_ReturnInvoiceSummary()" classname="com.bridgelabz.InvoiceGeneratorTest" time="0.001"/>
  <testcase name="givenDistanceTime_ReturnTotalFare()" classname="com.bridgelabz.InvoiceGeneratorTest" time="0.002"/>
  <testcase name="givenDistanceTimeAndUserIdForRides_WhenSameUserId_ThenAddRidesToSameArrayList()" classname="com.bridgelabz.InvoiceGeneratorTest" time="0.001"/>
  <system-out><![CDATA[]]></system-out>
  <system-err><![CDATA[]]></system-err>
</testsuite>
